<?xml version="1.0" encoding="UTF-8"?>
<testsuite name="SupplierTests" tests="6" skipped="0" failures="0" errors="0" timestamp="2018-09-12T17:54:08" hostname="Samuels-MacBook-Air.local" time="0.008">
  <properties/>
  <testcase name="addCarType_MaxPassengersToSmall_ReturnsFalse" classname="SupplierTests" time="0.0"/>
  <testcase name="addCarType_ValidCar_ReturnsTrue" classname="SupplierTests" time="0.001"/>
  <testcase name="filterResults_1Passenger_2CarTypesReturned" classname="SupplierTests" time="0.004"/>
  <testcase name="filterResults_NoOffers_EmptyListReturned" classname="SupplierTests" time="0.0"/>
  <testcase name="addCarType_TypeExists_ReturnsFalse" classname="SupplierTests" time="0.0"/>
  <testcase name="filterResults_10Passengers_OnlyBigCabReturned" classname="SupplierTests" time="0.0"/>
  <system-out><![CDATA[]]></system-out>
  <system-err><![CDATA[]]></system-err>
</testsuite>
