<?xml version="1.0" encoding="UTF-8"?>
<testsuite name="SupplierNetworkTests" tests="2" skipped="0" failures="0" errors="0" timestamp="2018-08-27T11:14:43" hostname="Samuels-MacBook-Air.local" time="0.008">
  <properties/>
  <testcase name="updateBestOffers_ReceiveWorseOffer_MapNotUpdated" classname="SupplierNetworkTests" time="0.008"/>
  <testcase name="updateBestOffers_ReceiveBetterOffer_MapUpdated" classname="SupplierNetworkTests" time="0.0"/>
  <system-out><![CDATA[]]></system-out>
  <system-err><![CDATA[]]></system-err>
</testsuite>
